{"/home/arthur/BIZNES-PDS/api/src/domains/address/ports/AddressService.ts": {"path":"/home/arthur/BIZNES-PDS/api/src/domains/address/ports/AddressService.ts","statementMap":{"0":{"start":{"line":5,"column":0},"end":{"line":5,"column":82}},"1":{"start":{"line":8,"column":24},"end":{"line":8,"column":60}},"2":{"start":{"line":11,"column":8},"end":{"line":11,"column":60}},"3":{"start":{"line":15,"column":8},"end":{"line":15,"column":59}},"4":{"start":{"line":19,"column":8},"end":{"line":19,"column":68}},"5":{"start":{"line":23,"column":26},"end":{"line":23,"column":58}},"6":{"start":{"line":24,"column":13},"end":{"line":24,"column":73}}},"fnMap":{"0":{"name":"(anonymous_7)","decl":{"start":{"line":8,"column":4},"end":{"line":8,"column":24}},"loc":{"start":{"line":8,"column":60},"end":{"line":8,"column":64}}},"1":{"name":"(anonymous_8)","decl":{"start":{"line":10,"column":10},"end":{"line":10,"column":16}},"loc":{"start":{"line":10,"column":62},"end":{"line":12,"column":null}}},"2":{"name":"(anonymous_10)","decl":{"start":{"line":14,"column":10},"end":{"line":14,"column":20}},"loc":{"start":{"line":14,"column":31},"end":{"line":16,"column":null}}},"3":{"name":"(anonymous_12)","decl":{"start":{"line":18,"column":10},"end":{"line":18,"column":16}},"loc":{"start":{"line":18,"column":78},"end":{"line":20,"column":null}}}},"branchMap":{},"s":{"0":0,"1":0,"2":0,"3":0,"4":0,"5":0,"6":0},"f":{"0":0,"1":0,"2":0,"3":0},"b":{}}
,"/home/arthur/BIZNES-PDS/api/src/domains/customer/ports/CustomerService.ts": {"path":"/home/arthur/BIZNES-PDS/api/src/domains/customer/ports/CustomerService.ts","statementMap":{"0":{"start":{"line":7,"column":0},"end":{"line":7,"column":86}},"1":{"start":{"line":10,"column":24},"end":{"line":10,"column":62}},"2":{"start":{"line":12,"column":8},"end":{"line":12,"column":58}},"3":{"start":{"line":15,"column":8},"end":{"line":15,"column":54}},"4":{"start":{"line":18,"column":8},"end":{"line":18,"column":59}},"5":{"start":{"line":21,"column":8},"end":{"line":21,"column":57}},"6":{"start":{"line":24,"column":8},"end":{"line":24,"column":62}},"7":{"start":{"line":27,"column":8},"end":{"line":27,"column":68}},"8":{"start":{"line":31,"column":27},"end":{"line":31,"column":60}},"9":{"start":{"line":32,"column":13},"end":{"line":32,"column":76}}},"fnMap":{"0":{"name":"(anonymous_7)","decl":{"start":{"line":10,"column":4},"end":{"line":10,"column":24}},"loc":{"start":{"line":10,"column":62},"end":{"line":10,"column":66}}},"1":{"name":"(anonymous_8)","decl":{"start":{"line":11,"column":10},"end":{"line":11,"column":16}},"loc":{"start":{"line":11,"column":60},"end":{"line":13,"column":null}}},"2":{"name":"(anonymous_10)","decl":{"start":{"line":14,"column":10},"end":{"line":14,"column":16}},"loc":{"start":{"line":14,"column":16},"end":{"line":16,"column":null}}},"3":{"name":"(anonymous_12)","decl":{"start":{"line":17,"column":10},"end":{"line":17,"column":19}},"loc":{"start":{"line":17,"column":30},"end":{"line":19,"column":null}}},"4":{"name":"(anonymous_14)","decl":{"start":{"line":20,"column":10},"end":{"line":20,"column":17}},"loc":{"start":{"line":20,"column":28},"end":{"line":22,"column":null}}},"5":{"name":"(anonymous_16)","decl":{"start":{"line":23,"column":10},"end":{"line":23,"column":16}},"loc":{"start":{"line":23,"column":72},"end":{"line":25,"column":null}}},"6":{"name":"(anonymous_18)","decl":{"start":{"line":26,"column":10},"end":{"line":26,"column":16}},"loc":{"start":{"line":26,"column":54},"end":{"line":28,"column":null}}}},"branchMap":{},"s":{"0":0,"1":0,"2":0,"3":0,"4":0,"5":0,"6":0,"7":0,"8":0,"9":0},"f":{"0":0,"1":0,"2":0,"3":0,"4":0,"5":0,"6":0},"b":{}}
,"/home/arthur/BIZNES-PDS/api/src/domains/product/port/ProductService.ts": {"path":"/home/arthur/BIZNES-PDS/api/src/domains/product/port/ProductService.ts","statementMap":{"0":{"start":{"line":6,"column":0},"end":{"line":6,"column":84}},"1":{"start":{"line":9,"column":24},"end":{"line":9,"column":60}},"2":{"start":{"line":12,"column":8},"end":{"line":12,"column":72}},"3":{"start":{"line":16,"column":8},"end":{"line":16,"column":66}},"4":{"start":{"line":20,"column":8},"end":{"line":20,"column":53}},"5":{"start":{"line":24,"column":8},"end":{"line":24,"column":63}},"6":{"start":{"line":28,"column":8},"end":{"line":28,"column":74}},"7":{"start":{"line":32,"column":8},"end":{"line":32,"column":68}},"8":{"start":{"line":36,"column":26},"end":{"line":36,"column":58}},"9":{"start":{"line":37,"column":13},"end":{"line":37,"column":73}}},"fnMap":{"0":{"name":"(anonymous_7)","decl":{"start":{"line":9,"column":4},"end":{"line":9,"column":24}},"loc":{"start":{"line":9,"column":60},"end":{"line":9,"column":64}}},"1":{"name":"(anonymous_8)","decl":{"start":{"line":11,"column":10},"end":{"line":11,"column":16}},"loc":{"start":{"line":11,"column":94},"end":{"line":13,"column":null}}},"2":{"name":"(anonymous_10)","decl":{"start":{"line":15,"column":10},"end":{"line":15,"column":23}},"loc":{"start":{"line":15,"column":38},"end":{"line":17,"column":null}}},"3":{"name":"(anonymous_12)","decl":{"start":{"line":19,"column":10},"end":{"line":19,"column":16}},"loc":{"start":{"line":19,"column":16},"end":{"line":21,"column":null}}},"4":{"name":"(anonymous_14)","decl":{"start":{"line":23,"column":10},"end":{"line":23,"column":17}},"loc":{"start":{"line":23,"column":35},"end":{"line":25,"column":null}}},"5":{"name":"(anonymous_16)","decl":{"start":{"line":27,"column":10},"end":{"line":27,"column":16}},"loc":{"start":{"line":27,"column":81},"end":{"line":29,"column":null}}},"6":{"name":"(anonymous_18)","decl":{"start":{"line":31,"column":10},"end":{"line":31,"column":16}},"loc":{"start":{"line":31,"column":55},"end":{"line":33,"column":null}}}},"branchMap":{},"s":{"0":0,"1":0,"2":0,"3":0,"4":0,"5":0,"6":0,"7":0,"8":0,"9":0},"f":{"0":0,"1":0,"2":0,"3":0,"4":0,"5":0,"6":0},"b":{}}
,"/home/arthur/BIZNES-PDS/api/src/domains/transaction/ports/TransactionService.ts": {"path":"/home/arthur/BIZNES-PDS/api/src/domains/transaction/ports/TransactionService.ts","statementMap":{"0":{"start":{"line":5,"column":0},"end":{"line":5,"column":92}},"1":{"start":{"line":7,"column":24},"end":{"line":7,"column":68}},"2":{"start":{"line":10,"column":8},"end":{"line":10,"column":98}},"3":{"start":{"line":14,"column":8},"end":{"line":14,"column":57}},"4":{"start":{"line":18,"column":8},"end":{"line":18,"column":60}},"5":{"start":{"line":22,"column":8},"end":{"line":22,"column":59}},"6":{"start":{"line":26,"column":8},"end":{"line":26,"column":64}},"7":{"start":{"line":30,"column":8},"end":{"line":30,"column":66}},"8":{"start":{"line":34,"column":30},"end":{"line":34,"column":66}},"9":{"start":{"line":35,"column":13},"end":{"line":35,"column":85}}},"fnMap":{"0":{"name":"(anonymous_7)","decl":{"start":{"line":7,"column":4},"end":{"line":7,"column":24}},"loc":{"start":{"line":7,"column":68},"end":{"line":7,"column":72}}},"1":{"name":"(anonymous_8)","decl":{"start":{"line":9,"column":10},"end":{"line":9,"column":16}},"loc":{"start":{"line":9,"column":129},"end":{"line":11,"column":null}}},"2":{"name":"(anonymous_10)","decl":{"start":{"line":13,"column":10},"end":{"line":13,"column":16}},"loc":{"start":{"line":13,"column":16},"end":{"line":15,"column":null}}},"3":{"name":"(anonymous_12)","decl":{"start":{"line":17,"column":10},"end":{"line":17,"column":17}},"loc":{"start":{"line":17,"column":28},"end":{"line":19,"column":null}}},"4":{"name":"(anonymous_14)","decl":{"start":{"line":21,"column":10},"end":{"line":21,"column":16}},"loc":{"start":{"line":21,"column":27},"end":{"line":23,"column":null}}},"5":{"name":"(anonymous_16)","decl":{"start":{"line":25,"column":10},"end":{"line":25,"column":21}},"loc":{"start":{"line":25,"column":32},"end":{"line":27,"column":null}}},"6":{"name":"(anonymous_18)","decl":{"start":{"line":29,"column":10},"end":{"line":29,"column":23}},"loc":{"start":{"line":29,"column":34},"end":{"line":31,"column":null}}}},"branchMap":{},"s":{"0":0,"1":0,"2":0,"3":0,"4":0,"5":0,"6":0,"7":0,"8":0,"9":0},"f":{"0":0,"1":0,"2":0,"3":0,"4":0,"5":0,"6":0},"b":{}}
,"/home/arthur/BIZNES-PDS/api/src/domains/transactionProduct/ports/TransactionProductService.ts": {"path":"/home/arthur/BIZNES-PDS/api/src/domains/transactionProduct/ports/TransactionProductService.ts","statementMap":{"0":{"start":{"line":3,"column":0},"end":{"line":3,"column":128}},"1":{"start":{"line":5,"column":24},"end":{"line":5,"column":82}},"2":{"start":{"line":8,"column":8},"end":{"line":8,"column":82}},"3":{"start":{"line":12,"column":37},"end":{"line":12,"column":80}},"4":{"start":{"line":13,"column":13},"end":{"line":13,"column":106}}},"fnMap":{"0":{"name":"(anonymous_7)","decl":{"start":{"line":5,"column":4},"end":{"line":5,"column":24}},"loc":{"start":{"line":5,"column":82},"end":{"line":5,"column":86}}},"1":{"name":"(anonymous_8)","decl":{"start":{"line":7,"column":10},"end":{"line":7,"column":16}},"loc":{"start":{"line":7,"column":64},"end":{"line":9,"column":null}}}},"branchMap":{},"s":{"0":0,"1":0,"2":0,"3":0,"4":0},"f":{"0":0,"1":0},"b":{}}
,"/home/arthur/BIZNES-PDS/api/src/domains/users/ports/UserService.ts": {"path":"/home/arthur/BIZNES-PDS/api/src/domains/users/ports/UserService.ts","statementMap":{"0":{"start":{"line":5,"column":0},"end":{"line":5,"column":78}},"1":{"start":{"line":8,"column":24},"end":{"line":8,"column":54}},"2":{"start":{"line":11,"column":8},"end":{"line":11,"column":67}},"3":{"start":{"line":15,"column":8},"end":{"line":15,"column":54}},"4":{"start":{"line":19,"column":8},"end":{"line":19,"column":50}},"5":{"start":{"line":23,"column":8},"end":{"line":23,"column":53}},"6":{"start":{"line":27,"column":8},"end":{"line":27,"column":66}},"7":{"start":{"line":31,"column":8},"end":{"line":31,"column":52}},"8":{"start":{"line":35,"column":8},"end":{"line":35,"column":81}},"9":{"start":{"line":39,"column":8},"end":{"line":39,"column":98}},"10":{"start":{"line":43,"column":23},"end":{"line":43,"column":52}},"11":{"start":{"line":44,"column":13},"end":{"line":44,"column":64}}},"fnMap":{"0":{"name":"(anonymous_7)","decl":{"start":{"line":8,"column":4},"end":{"line":8,"column":24}},"loc":{"start":{"line":8,"column":54},"end":{"line":8,"column":58}}},"1":{"name":"(anonymous_8)","decl":{"start":{"line":10,"column":10},"end":{"line":10,"column":25}},"loc":{"start":{"line":10,"column":42},"end":{"line":12,"column":null}}},"2":{"name":"(anonymous_10)","decl":{"start":{"line":14,"column":10},"end":{"line":14,"column":16}},"loc":{"start":{"line":14,"column":56},"end":{"line":16,"column":null}}},"3":{"name":"(anonymous_12)","decl":{"start":{"line":18,"column":10},"end":{"line":18,"column":16}},"loc":{"start":{"line":18,"column":16},"end":{"line":20,"column":null}}},"4":{"name":"(anonymous_14)","decl":{"start":{"line":22,"column":10},"end":{"line":22,"column":17}},"loc":{"start":{"line":22,"column":28},"end":{"line":24,"column":null}}},"5":{"name":"(anonymous_16)","decl":{"start":{"line":26,"column":10},"end":{"line":26,"column":16}},"loc":{"start":{"line":26,"column":76},"end":{"line":28,"column":null}}},"6":{"name":"(anonymous_18)","decl":{"start":{"line":30,"column":10},"end":{"line":30,"column":16}},"loc":{"start":{"line":30,"column":27},"end":{"line":32,"column":null}}},"7":{"name":"(anonymous_20)","decl":{"start":{"line":34,"column":10},"end":{"line":34,"column":23}},"loc":{"start":{"line":34,"column":64},"end":{"line":36,"column":null}}},"8":{"name":"(anonymous_22)","decl":{"start":{"line":38,"column":10},"end":{"line":38,"column":24}},"loc":{"start":{"line":38,"column":104},"end":{"line":40,"column":null}}}},"branchMap":{},"s":{"0":1,"1":1,"2":0,"3":3,"4":2,"5":2,"6":2,"7":2,"8":3,"9":1,"10":1,"11":1},"f":{"0":1,"1":0,"2":3,"3":2,"4":2,"5":2,"6":2,"7":3,"8":1},"b":{}}
,"/home/arthur/BIZNES-PDS/api/src/domains/vendor/ports/VendorService.ts": {"path":"/home/arthur/BIZNES-PDS/api/src/domains/vendor/ports/VendorService.ts","statementMap":{"0":{"start":{"line":5,"column":0},"end":{"line":5,"column":82}},"1":{"start":{"line":7,"column":24},"end":{"line":7,"column":58}},"2":{"start":{"line":10,"column":8},"end":{"line":10,"column":58}},"3":{"start":{"line":14,"column":8},"end":{"line":14,"column":52}},"4":{"start":{"line":18,"column":8},"end":{"line":18,"column":55}},"5":{"start":{"line":26,"column":8},"end":{"line":26,"column":61}},"6":{"start":{"line":30,"column":8},"end":{"line":30,"column":70}},"7":{"start":{"line":34,"column":8},"end":{"line":34,"column":54}},"8":{"start":{"line":38,"column":25},"end":{"line":38,"column":56}},"9":{"start":{"line":39,"column":13},"end":{"line":39,"column":70}}},"fnMap":{"0":{"name":"(anonymous_7)","decl":{"start":{"line":7,"column":4},"end":{"line":7,"column":24}},"loc":{"start":{"line":7,"column":58},"end":{"line":7,"column":62}}},"1":{"name":"(anonymous_8)","decl":{"start":{"line":9,"column":10},"end":{"line":9,"column":16}},"loc":{"start":{"line":9,"column":49},"end":{"line":11,"column":null}}},"2":{"name":"(anonymous_10)","decl":{"start":{"line":13,"column":10},"end":{"line":13,"column":16}},"loc":{"start":{"line":13,"column":16},"end":{"line":15,"column":null}}},"3":{"name":"(anonymous_12)","decl":{"start":{"line":17,"column":10},"end":{"line":17,"column":17}},"loc":{"start":{"line":17,"column":28},"end":{"line":19,"column":null}}},"4":{"name":"(anonymous_14)","decl":{"start":{"line":21,"column":10},"end":{"line":21,"column":19}},"loc":{"start":{"line":21,"column":34},"end":{"line":27,"column":null}}},"5":{"name":"(anonymous_16)","decl":{"start":{"line":29,"column":10},"end":{"line":29,"column":16}},"loc":{"start":{"line":29,"column":69},"end":{"line":31,"column":null}}},"6":{"name":"(anonymous_18)","decl":{"start":{"line":33,"column":10},"end":{"line":33,"column":16}},"loc":{"start":{"line":33,"column":27},"end":{"line":35,"column":null}}}},"branchMap":{},"s":{"0":0,"1":0,"2":0,"3":0,"4":0,"5":0,"6":0,"7":0,"8":0,"9":0},"f":{"0":0,"1":0,"2":0,"3":0,"4":0,"5":0,"6":0},"b":{}}
}
