{"/home/arthur/BIZNES-PDS/api/src/domains/address/adapters/SequelizeAddressRepository.ts": {"path":"/home/arthur/BIZNES-PDS/api/src/domains/address/adapters/SequelizeAddressRepository.ts","statementMap":{"0":{"start":{"line":1,"column":0},"end":{"line":1,"column":60}},"1":{"start":{"line":8,"column":8},"end":{"line":24,"column":null}},"2":{"start":{"line":9,"column":69},"end":{"line":19,"column":14}},"3":{"start":{"line":20,"column":28},"end":{"line":20,"column":60}},"4":{"start":{"line":21,"column":12},"end":{"line":21,"column":27}},"5":{"start":{"line":23,"column":12},"end":{"line":23,"column":25}},"6":{"start":{"line":28,"column":8},"end":{"line":37,"column":null}},"7":{"start":{"line":29,"column":28},"end":{"line":33,"column":14}},"8":{"start":{"line":34,"column":12},"end":{"line":34,"column":27}},"9":{"start":{"line":36,"column":12},"end":{"line":36,"column":25}},"10":{"start":{"line":41,"column":8},"end":{"line":62,"column":null}},"11":{"start":{"line":42,"column":12},"end":{"line":46,"column":15}},"12":{"start":{"line":48,"column":35},"end":{"line":52,"column":14}},"13":{"start":{"line":54,"column":12},"end":{"line":56,"column":null}},"14":{"start":{"line":55,"column":16},"end":{"line":55,"column":78}},"15":{"start":{"line":58,"column":12},"end":{"line":58,"column":34}},"16":{"start":{"line":61,"column":12},"end":{"line":61,"column":25}},"17":{"start":{"line":6,"column":0},"end":{"line":6,"column":13}}},"fnMap":{"0":{"name":"(anonymous_7)","decl":{"start":{"line":7,"column":10},"end":{"line":7,"column":16}},"loc":{"start":{"line":7,"column":59},"end":{"line":25,"column":null}}},"1":{"name":"(anonymous_9)","decl":{"start":{"line":27,"column":10},"end":{"line":27,"column":20}},"loc":{"start":{"line":27,"column":31},"end":{"line":38,"column":null}}},"2":{"name":"(anonymous_11)","decl":{"start":{"line":40,"column":10},"end":{"line":40,"column":16}},"loc":{"start":{"line":40,"column":75},"end":{"line":63,"column":null}}}},"branchMap":{"0":{"loc":{"start":{"line":54,"column":12},"end":{"line":56,"column":null}},"type":"if","locations":[{"start":{"line":54,"column":12},"end":{"line":56,"column":null}}]}},"s":{"0":2,"1":1,"2":1,"3":1,"4":1,"5":0,"6":1,"7":1,"8":1,"9":0,"10":3,"11":3,"12":3,"13":3,"14":1,"15":2,"16":1,"17":2},"f":{"0":1,"1":1,"2":3},"b":{"0":[1]}}
,"/home/arthur/BIZNES-PDS/api/src/domains/customer/adapters/SequelizeCustomerRepository.ts": {"path":"/home/arthur/BIZNES-PDS/api/src/domains/customer/adapters/SequelizeCustomerRepository.ts","statementMap":{"0":{"start":{"line":1,"column":0},"end":{"line":1,"column":93}},"1":{"start":{"line":2,"column":0},"end":{"line":2,"column":60}},"2":{"start":{"line":3,"column":0},"end":{"line":3,"column":62}},"3":{"start":{"line":5,"column":0},"end":{"line":5,"column":60}},"4":{"start":{"line":6,"column":0},"end":{"line":6,"column":75}},"5":{"start":{"line":7,"column":0},"end":{"line":7,"column":59}},"6":{"start":{"line":9,"column":0},"end":{"line":9,"column":123}},"7":{"start":{"line":11,"column":0},"end":{"line":11,"column":68}},"8":{"start":{"line":13,"column":0},"end":{"line":13,"column":73}},"9":{"start":{"line":17,"column":8},"end":{"line":46,"column":null}},"10":{"start":{"line":18,"column":63},"end":{"line":23,"column":14}},"11":{"start":{"line":24,"column":25},"end":{"line":24,"column":58}},"12":{"start":{"line":25,"column":32},"end":{"line":30,"column":14}},"13":{"start":{"line":31,"column":28},"end":{"line":40,"column":null}},"14":{"start":{"line":41,"column":12},"end":{"line":41,"column":49}},"15":{"start":{"line":42,"column":29},"end":{"line":42,"column":63}},"16":{"start":{"line":43,"column":12},"end":{"line":43,"column":28}},"17":{"start":{"line":45,"column":12},"end":{"line":45,"column":25}},"18":{"start":{"line":50,"column":8},"end":{"line":65,"column":null}},"19":{"start":{"line":51,"column":30},"end":{"line":61,"column":14}},"20":{"start":{"line":62,"column":12},"end":{"line":62,"column":29}},"21":{"start":{"line":64,"column":12},"end":{"line":64,"column":25}},"22":{"start":{"line":69,"column":8},"end":{"line":78,"column":null}},"23":{"start":{"line":70,"column":29},"end":{"line":70,"column":70}},"24":{"start":{"line":71,"column":25},"end":{"line":71,"column":58}},"25":{"start":{"line":72,"column":28},"end":{"line":72,"column":67}},"26":{"start":{"line":73,"column":40},"end":{"line":73,"column":66}},"27":{"start":{"line":74,"column":12},"end":{"line":74,"column":39}},"28":{"start":{"line":77,"column":12},"end":{"line":77,"column":25}},"29":{"start":{"line":82,"column":8},"end":{"line":96,"column":null}},"30":{"start":{"line":83,"column":29},"end":{"line":89,"column":14}},"31":{"start":{"line":90,"column":12},"end":{"line":92,"column":null}},"32":{"start":{"line":91,"column":16},"end":{"line":91,"column":71}},"33":{"start":{"line":93,"column":12},"end":{"line":93,"column":28}},"34":{"start":{"line":95,"column":12},"end":{"line":95,"column":25}},"35":{"start":{"line":100,"column":8},"end":{"line":139,"column":null}},"36":{"start":{"line":101,"column":12},"end":{"line":101,"column":41}},"37":{"start":{"line":103,"column":25},"end":{"line":103,"column":58}},"38":{"start":{"line":105,"column":12},"end":{"line":107,"column":null}},"39":{"start":{"line":106,"column":16},"end":{"line":106,"column":75}},"40":{"start":{"line":109,"column":32},"end":{"line":113,"column":null}},"41":{"start":{"line":115,"column":28},"end":{"line":120,"column":14}},"42":{"start":{"line":122,"column":31},"end":{"line":131,"column":null}},"43":{"start":{"line":133,"column":12},"end":{"line":133,"column":59}},"44":{"start":{"line":134,"column":12},"end":{"line":134,"column":74}},"45":{"start":{"line":135,"column":12},"end":{"line":135,"column":65}},"46":{"start":{"line":138,"column":12},"end":{"line":138,"column":25}},"47":{"start":{"line":143,"column":8},"end":{"line":158,"column":null}},"48":{"start":{"line":144,"column":29},"end":{"line":144,"column":51}},"49":{"start":{"line":146,"column":12},"end":{"line":148,"column":null}},"50":{"start":{"line":147,"column":16},"end":{"line":147,"column":72}},"51":{"start":{"line":151,"column":12},"end":{"line":153,"column":null}},"52":{"start":{"line":152,"column":16},"end":{"line":152,"column":99}},"53":{"start":{"line":154,"column":12},"end":{"line":154,"column":34}},"54":{"start":{"line":155,"column":12},"end":{"line":155,"column":55}},"55":{"start":{"line":157,"column":12},"end":{"line":157,"column":25}},"56":{"start":{"line":15,"column":0},"end":{"line":15,"column":13}}},"fnMap":{"0":{"name":"(anonymous_7)","decl":{"start":{"line":16,"column":10},"end":{"line":16,"column":16}},"loc":{"start":{"line":16,"column":49},"end":{"line":47,"column":null}}},"1":{"name":"(anonymous_9)","decl":{"start":{"line":49,"column":10},"end":{"line":49,"column":16}},"loc":{"start":{"line":49,"column":16},"end":{"line":66,"column":null}}},"2":{"name":"(anonymous_11)","decl":{"start":{"line":68,"column":10},"end":{"line":68,"column":19}},"loc":{"start":{"line":68,"column":34},"end":{"line":79,"column":null}}},"3":{"name":"(anonymous_13)","decl":{"start":{"line":81,"column":10},"end":{"line":81,"column":17}},"loc":{"start":{"line":81,"column":28},"end":{"line":97,"column":null}}},"4":{"name":"(anonymous_15)","decl":{"start":{"line":99,"column":10},"end":{"line":99,"column":16}},"loc":{"start":{"line":99,"column":65},"end":{"line":140,"column":null}}},"5":{"name":"(anonymous_17)","decl":{"start":{"line":142,"column":10},"end":{"line":142,"column":16}},"loc":{"start":{"line":142,"column":54},"end":{"line":159,"column":null}}}},"branchMap":{"0":{"loc":{"start":{"line":90,"column":12},"end":{"line":92,"column":null}},"type":"if","locations":[{"start":{"line":90,"column":12},"end":{"line":92,"column":null}}]},"1":{"loc":{"start":{"line":105,"column":12},"end":{"line":107,"column":null}},"type":"if","locations":[{"start":{"line":105,"column":12},"end":{"line":107,"column":null}}]},"2":{"loc":{"start":{"line":146,"column":12},"end":{"line":148,"column":null}},"type":"if","locations":[{"start":{"line":146,"column":12},"end":{"line":148,"column":null}}]},"3":{"loc":{"start":{"line":151,"column":12},"end":{"line":153,"column":null}},"type":"if","locations":[{"start":{"line":151,"column":12},"end":{"line":153,"column":null}}]},"4":{"loc":{"start":{"line":151,"column":15},"end":{"line":151,"column":76}},"type":"binary-expr","locations":[{"start":{"line":151,"column":15},"end":{"line":151,"column":49}},{"start":{"line":151,"column":53},"end":{"line":151,"column":76}}]}},"s":{"0":1,"1":1,"2":1,"3":1,"4":1,"5":1,"6":1,"7":1,"8":1,"9":1,"10":1,"11":1,"12":1,"13":1,"14":1,"15":1,"16":1,"17":0,"18":1,"19":1,"20":1,"21":0,"22":1,"23":1,"24":1,"25":1,"26":1,"27":1,"28":0,"29":4,"30":4,"31":4,"32":1,"33":3,"34":1,"35":0,"36":0,"37":0,"38":0,"39":0,"40":0,"41":0,"42":0,"43":0,"44":0,"45":0,"46":0,"47":2,"48":2,"49":2,"50":0,"51":2,"52":1,"53":1,"54":1,"55":1,"56":1},"f":{"0":1,"1":1,"2":1,"3":4,"4":0,"5":2},"b":{"0":[1],"1":[0],"2":[0],"3":[1],"4":[2,1]}}
,"/home/arthur/BIZNES-PDS/api/src/domains/product/adapters/SequelizeProductRepository.ts": {"path":"/home/arthur/BIZNES-PDS/api/src/domains/product/adapters/SequelizeProductRepository.ts","statementMap":{"0":{"start":{"line":1,"column":0},"end":{"line":1,"column":44}},"1":{"start":{"line":5,"column":0},"end":{"line":5,"column":59}},"2":{"start":{"line":6,"column":0},"end":{"line":6,"column":52}},"3":{"start":{"line":7,"column":0},"end":{"line":7,"column":65}},"4":{"start":{"line":10,"column":0},"end":{"line":10,"column":31}},"5":{"start":{"line":14,"column":8},"end":{"line":34,"column":null}},"6":{"start":{"line":15,"column":27},"end":{"line":15,"column":79}},"7":{"start":{"line":16,"column":12},"end":{"line":18,"column":null}},"8":{"start":{"line":17,"column":16},"end":{"line":17,"column":63}},"9":{"start":{"line":19,"column":31},"end":{"line":29,"column":14}},"10":{"start":{"line":30,"column":28},"end":{"line":30,"column":60}},"11":{"start":{"line":31,"column":12},"end":{"line":31,"column":27}},"12":{"start":{"line":33,"column":12},"end":{"line":33,"column":25}},"13":{"start":{"line":37,"column":8},"end":{"line":46,"column":null}},"14":{"start":{"line":38,"column":29},"end":{"line":38,"column":76}},"15":{"start":{"line":39,"column":29},"end":{"line":42,"column":14}},"16":{"start":{"line":43,"column":12},"end":{"line":43,"column":28}},"17":{"start":{"line":45,"column":12},"end":{"line":45,"column":25}},"18":{"start":{"line":49,"column":8},"end":{"line":66,"column":null}},"19":{"start":{"line":50,"column":29},"end":{"line":62,"column":14}},"20":{"start":{"line":63,"column":12},"end":{"line":63,"column":28}},"21":{"start":{"line":65,"column":12},"end":{"line":65,"column":25}},"22":{"start":{"line":69,"column":8},"end":{"line":79,"column":null}},"23":{"start":{"line":70,"column":28},"end":{"line":72,"column":14}},"24":{"start":{"line":73,"column":12},"end":{"line":75,"column":null}},"25":{"start":{"line":74,"column":16},"end":{"line":74,"column":81}},"26":{"start":{"line":76,"column":12},"end":{"line":76,"column":27}},"27":{"start":{"line":78,"column":12},"end":{"line":78,"column":25}},"28":{"start":{"line":82,"column":8},"end":{"line":95,"column":null}},"29":{"start":{"line":83,"column":28},"end":{"line":83,"column":57}},"30":{"start":{"line":84,"column":12},"end":{"line":91,"column":null}},"31":{"start":{"line":85,"column":16},"end":{"line":85,"column":70}},"32":{"start":{"line":86,"column":16},"end":{"line":86,"column":66}},"33":{"start":{"line":89,"column":16},"end":{"line":89,"column":43}},"34":{"start":{"line":90,"column":16},"end":{"line":90,"column":45}},"35":{"start":{"line":92,"column":12},"end":{"line":92,"column":39}},"36":{"start":{"line":94,"column":12},"end":{"line":94,"column":25}},"37":{"start":{"line":98,"column":8},"end":{"line":105,"column":null}},"38":{"start":{"line":99,"column":28},"end":{"line":99,"column":57}},"39":{"start":{"line":100,"column":27},"end":{"line":100,"column":67}},"40":{"start":{"line":102,"column":12},"end":{"line":102,"column":36}},"41":{"start":{"line":104,"column":12},"end":{"line":104,"column":25}},"42":{"start":{"line":12,"column":0},"end":{"line":12,"column":13}}},"fnMap":{"0":{"name":"(anonymous_7)","decl":{"start":{"line":13,"column":10},"end":{"line":13,"column":16}},"loc":{"start":{"line":13,"column":91},"end":{"line":35,"column":null}}},"1":{"name":"(anonymous_9)","decl":{"start":{"line":36,"column":10},"end":{"line":36,"column":23}},"loc":{"start":{"line":36,"column":38},"end":{"line":47,"column":null}}},"2":{"name":"(anonymous_11)","decl":{"start":{"line":48,"column":10},"end":{"line":48,"column":16}},"loc":{"start":{"line":48,"column":16},"end":{"line":67,"column":null}}},"3":{"name":"(anonymous_13)","decl":{"start":{"line":68,"column":10},"end":{"line":68,"column":17}},"loc":{"start":{"line":68,"column":35},"end":{"line":80,"column":null}}},"4":{"name":"(anonymous_15)","decl":{"start":{"line":81,"column":10},"end":{"line":81,"column":16}},"loc":{"start":{"line":81,"column":81},"end":{"line":96,"column":null}}},"5":{"name":"(anonymous_17)","decl":{"start":{"line":97,"column":10},"end":{"line":97,"column":16}},"loc":{"start":{"line":97,"column":55},"end":{"line":106,"column":null}}}},"branchMap":{"0":{"loc":{"start":{"line":16,"column":12},"end":{"line":18,"column":null}},"type":"if","locations":[{"start":{"line":16,"column":12},"end":{"line":18,"column":null}}]},"1":{"loc":{"start":{"line":73,"column":12},"end":{"line":75,"column":null}},"type":"if","locations":[{"start":{"line":73,"column":12},"end":{"line":75,"column":null}}]},"2":{"loc":{"start":{"line":84,"column":12},"end":{"line":91,"column":null}},"type":"if","locations":[{"start":{"line":84,"column":12},"end":{"line":91,"column":null}},{"start":{"line":88,"column":16},"end":{"line":91,"column":null}}]}},"s":{"0":0,"1":0,"2":0,"3":0,"4":0,"5":0,"6":0,"7":0,"8":0,"9":0,"10":0,"11":0,"12":0,"13":0,"14":0,"15":0,"16":0,"17":0,"18":0,"19":0,"20":0,"21":0,"22":0,"23":0,"24":0,"25":0,"26":0,"27":0,"28":0,"29":0,"30":0,"31":0,"32":0,"33":0,"34":0,"35":0,"36":0,"37":0,"38":0,"39":0,"40":0,"41":0,"42":0},"f":{"0":0,"1":0,"2":0,"3":0,"4":0,"5":0},"b":{"0":[0],"1":[0],"2":[0,0]}}
,"/home/arthur/BIZNES-PDS/api/src/domains/transaction/adapters/SequelizeTransactionRepository.ts": {"path":"/home/arthur/BIZNES-PDS/api/src/domains/transaction/adapters/SequelizeTransactionRepository.ts","statementMap":{"0":{"start":{"line":1,"column":0},"end":{"line":1,"column":52}},"1":{"start":{"line":3,"column":0},"end":{"line":3,"column":88}},"2":{"start":{"line":5,"column":0},"end":{"line":5,"column":101}},"3":{"start":{"line":7,"column":0},"end":{"line":7,"column":55}},"4":{"start":{"line":8,"column":0},"end":{"line":8,"column":68}},"5":{"start":{"line":10,"column":0},"end":{"line":10,"column":55}},"6":{"start":{"line":11,"column":0},"end":{"line":11,"column":52}},"7":{"start":{"line":16,"column":8},"end":{"line":42,"column":null}},"8":{"start":{"line":17,"column":39},"end":{"line":17,"column":76}},"9":{"start":{"line":18,"column":12},"end":{"line":36,"column":null}},"10":{"start":{"line":19,"column":32},"end":{"line":19,"column":84}},"11":{"start":{"line":20,"column":16},"end":{"line":22,"column":null}},"12":{"start":{"line":21,"column":20},"end":{"line":21,"column":62}},"13":{"start":{"line":24,"column":31},"end":{"line":24,"column":70}},"14":{"start":{"line":25,"column":16},"end":{"line":27,"column":null}},"15":{"start":{"line":26,"column":20},"end":{"line":26,"column":63}},"16":{"start":{"line":29,"column":16},"end":{"line":29,"column":67}},"17":{"start":{"line":30,"column":16},"end":{"line":30,"column":62}},"18":{"start":{"line":31,"column":16},"end":{"line":31,"column":64}},"19":{"start":{"line":32,"column":16},"end":{"line":32,"column":62}},"20":{"start":{"line":33,"column":16},"end":{"line":33,"column":70}},"21":{"start":{"line":34,"column":16},"end":{"line":34,"column":84}},"22":{"start":{"line":35,"column":16},"end":{"line":35,"column":75}},"23":{"start":{"line":37,"column":12},"end":{"line":37,"column":69}},"24":{"start":{"line":38,"column":12},"end":{"line":38,"column":49}},"25":{"start":{"line":39,"column":12},"end":{"line":39,"column":38}},"26":{"start":{"line":41,"column":12},"end":{"line":41,"column":24}},"27":{"start":{"line":46,"column":8},"end":{"line":55,"column":11}},"28":{"start":{"line":59,"column":8},"end":{"line":68,"column":11}},"29":{"start":{"line":72,"column":8},"end":{"line":72,"column":64}},"30":{"start":{"line":76,"column":8},"end":{"line":86,"column":11}},"31":{"start":{"line":90,"column":8},"end":{"line":100,"column":11}},"32":{"start":{"line":13,"column":0},"end":{"line":13,"column":13}}},"fnMap":{"0":{"name":"(anonymous_7)","decl":{"start":{"line":15,"column":10},"end":{"line":15,"column":16}},"loc":{"start":{"line":15,"column":129},"end":{"line":43,"column":null}}},"1":{"name":"(anonymous_9)","decl":{"start":{"line":45,"column":10},"end":{"line":45,"column":16}},"loc":{"start":{"line":45,"column":16},"end":{"line":56,"column":null}}},"2":{"name":"(anonymous_11)","decl":{"start":{"line":58,"column":10},"end":{"line":58,"column":17}},"loc":{"start":{"line":58,"column":28},"end":{"line":69,"column":null}}},"3":{"name":"(anonymous_13)","decl":{"start":{"line":71,"column":10},"end":{"line":71,"column":16}},"loc":{"start":{"line":71,"column":27},"end":{"line":73,"column":null}}},"4":{"name":"(anonymous_15)","decl":{"start":{"line":75,"column":10},"end":{"line":75,"column":21}},"loc":{"start":{"line":75,"column":32},"end":{"line":87,"column":null}}},"5":{"name":"(anonymous_17)","decl":{"start":{"line":89,"column":10},"end":{"line":89,"column":23}},"loc":{"start":{"line":89,"column":34},"end":{"line":101,"column":null}}}},"branchMap":{"0":{"loc":{"start":{"line":20,"column":16},"end":{"line":22,"column":null}},"type":"if","locations":[{"start":{"line":20,"column":16},"end":{"line":22,"column":null}}]},"1":{"loc":{"start":{"line":25,"column":16},"end":{"line":27,"column":null}},"type":"if","locations":[{"start":{"line":25,"column":16},"end":{"line":27,"column":null}}]}},"s":{"0":0,"1":0,"2":0,"3":0,"4":0,"5":0,"6":0,"7":0,"8":0,"9":0,"10":0,"11":0,"12":0,"13":0,"14":0,"15":0,"16":0,"17":0,"18":0,"19":0,"20":0,"21":0,"22":0,"23":0,"24":0,"25":0,"26":0,"27":0,"28":0,"29":0,"30":0,"31":0,"32":0},"f":{"0":0,"1":0,"2":0,"3":0,"4":0,"5":0},"b":{"0":[0],"1":[0]}}
,"/home/arthur/BIZNES-PDS/api/src/domains/transactionProduct/adapters/SequelizeTransactionProductRepository.ts": {"path":"/home/arthur/BIZNES-PDS/api/src/domains/transactionProduct/adapters/SequelizeTransactionProductRepository.ts","statementMap":{"0":{"start":{"line":1,"column":0},"end":{"line":1,"column":66}},"1":{"start":{"line":3,"column":0},"end":{"line":3,"column":67}},"2":{"start":{"line":4,"column":0},"end":{"line":4,"column":59}},"3":{"start":{"line":9,"column":8},"end":{"line":20,"column":null}},"4":{"start":{"line":10,"column":28},"end":{"line":10,"column":86}},"5":{"start":{"line":11,"column":12},"end":{"line":13,"column":null}},"6":{"start":{"line":12,"column":16},"end":{"line":12,"column":102}},"7":{"start":{"line":14,"column":12},"end":{"line":14,"column":93}},"8":{"start":{"line":15,"column":12},"end":{"line":15,"column":99}},"9":{"start":{"line":16,"column":12},"end":{"line":16,"column":71}},"10":{"start":{"line":19,"column":12},"end":{"line":19,"column":24}},"11":{"start":{"line":7,"column":0},"end":{"line":7,"column":13}}},"fnMap":{"0":{"name":"(anonymous_7)","decl":{"start":{"line":8,"column":10},"end":{"line":8,"column":16}},"loc":{"start":{"line":8,"column":64},"end":{"line":21,"column":null}}}},"branchMap":{"0":{"loc":{"start":{"line":11,"column":12},"end":{"line":13,"column":null}},"type":"if","locations":[{"start":{"line":11,"column":12},"end":{"line":13,"column":null}}]}},"s":{"0":0,"1":0,"2":0,"3":0,"4":0,"5":0,"6":0,"7":0,"8":0,"9":0,"10":0,"11":0},"f":{"0":0},"b":{"0":[0]}}
,"/home/arthur/BIZNES-PDS/api/src/domains/users/adapters/SequelizeUserRepository.ts": {"path":"/home/arthur/BIZNES-PDS/api/src/domains/users/adapters/SequelizeUserRepository.ts","statementMap":{"0":{"start":{"line":1,"column":0},"end":{"line":1,"column":53}},"1":{"start":{"line":3,"column":0},"end":{"line":3,"column":39}},"2":{"start":{"line":4,"column":0},"end":{"line":4,"column":51}},"3":{"start":{"line":5,"column":0},"end":{"line":5,"column":75}},"4":{"start":{"line":6,"column":0},"end":{"line":6,"column":69}},"5":{"start":{"line":7,"column":0},"end":{"line":7,"column":59}},"6":{"start":{"line":12,"column":27},"end":{"line":12,"column":29}},"7":{"start":{"line":13,"column":8},"end":{"line":13,"column":48}},"8":{"start":{"line":17,"column":8},"end":{"line":32,"column":null}},"9":{"start":{"line":18,"column":12},"end":{"line":20,"column":null}},"10":{"start":{"line":19,"column":16},"end":{"line":19,"column":105}},"11":{"start":{"line":22,"column":33},"end":{"line":22,"column":85}},"12":{"start":{"line":23,"column":12},"end":{"line":25,"column":null}},"13":{"start":{"line":24,"column":16},"end":{"line":24,"column":62}},"14":{"start":{"line":27,"column":12},"end":{"line":27,"column":70}},"15":{"start":{"line":28,"column":32},"end":{"line":28,"column":55}},"16":{"start":{"line":29,"column":12},"end":{"line":29,"column":54}},"17":{"start":{"line":31,"column":12},"end":{"line":31,"column":25}},"18":{"start":{"line":36,"column":8},"end":{"line":48,"column":null}},"19":{"start":{"line":37,"column":26},"end":{"line":39,"column":14}},"20":{"start":{"line":41,"column":12},"end":{"line":43,"column":null}},"21":{"start":{"line":42,"column":16},"end":{"line":42,"column":73}},"22":{"start":{"line":45,"column":12},"end":{"line":45,"column":66}},"23":{"start":{"line":45,"column":37},"end":{"line":45,"column":64}},"24":{"start":{"line":47,"column":12},"end":{"line":47,"column":25}},"25":{"start":{"line":52,"column":8},"end":{"line":66,"column":null}},"26":{"start":{"line":53,"column":25},"end":{"line":57,"column":14}},"27":{"start":{"line":59,"column":12},"end":{"line":61,"column":null}},"28":{"start":{"line":60,"column":16},"end":{"line":60,"column":74}},"29":{"start":{"line":63,"column":12},"end":{"line":63,"column":47}},"30":{"start":{"line":65,"column":12},"end":{"line":65,"column":25}},"31":{"start":{"line":70,"column":8},"end":{"line":86,"column":null}},"32":{"start":{"line":71,"column":25},"end":{"line":71,"column":47}},"33":{"start":{"line":73,"column":12},"end":{"line":75,"column":null}},"34":{"start":{"line":74,"column":16},"end":{"line":74,"column":90}},"35":{"start":{"line":77,"column":12},"end":{"line":77,"column":71}},"36":{"start":{"line":79,"column":32},"end":{"line":79,"column":54}},"37":{"start":{"line":80,"column":12},"end":{"line":82,"column":null}},"38":{"start":{"line":81,"column":16},"end":{"line":81,"column":64}},"39":{"start":{"line":83,"column":12},"end":{"line":83,"column":31}},"40":{"start":{"line":85,"column":12},"end":{"line":85,"column":25}},"41":{"start":{"line":90,"column":8},"end":{"line":98,"column":null}},"42":{"start":{"line":91,"column":25},"end":{"line":91,"column":48}},"43":{"start":{"line":92,"column":12},"end":{"line":94,"column":null}},"44":{"start":{"line":93,"column":16},"end":{"line":93,"column":74}},"45":{"start":{"line":95,"column":12},"end":{"line":95,"column":33}},"46":{"start":{"line":97,"column":12},"end":{"line":97,"column":25}},"47":{"start":{"line":102,"column":8},"end":{"line":111,"column":null}},"48":{"start":{"line":103,"column":25},"end":{"line":103,"column":52}},"49":{"start":{"line":104,"column":12},"end":{"line":106,"column":null}},"50":{"start":{"line":105,"column":16},"end":{"line":105,"column":62}},"51":{"start":{"line":107,"column":12},"end":{"line":107,"column":25}},"52":{"start":{"line":109,"column":12},"end":{"line":109,"column":66}},"53":{"start":{"line":110,"column":12},"end":{"line":110,"column":25}},"54":{"start":{"line":115,"column":8},"end":{"line":128,"column":null}},"55":{"start":{"line":116,"column":12},"end":{"line":118,"column":null}},"56":{"start":{"line":117,"column":16},"end":{"line":117,"column":98}},"57":{"start":{"line":120,"column":12},"end":{"line":125,"column":null}},"58":{"start":{"line":121,"column":45},"end":{"line":121,"column":84}},"59":{"start":{"line":122,"column":16},"end":{"line":122,"column":97}},"60":{"start":{"line":124,"column":16},"end":{"line":124,"column":62}},"61":{"start":{"line":127,"column":12},"end":{"line":127,"column":25}},"62":{"start":{"line":10,"column":0},"end":{"line":10,"column":13}}},"fnMap":{"0":{"name":"(anonymous_7)","decl":{"start":{"line":11,"column":10},"end":{"line":11,"column":25}},"loc":{"start":{"line":11,"column":42},"end":{"line":14,"column":null}}},"1":{"name":"(anonymous_9)","decl":{"start":{"line":16,"column":10},"end":{"line":16,"column":16}},"loc":{"start":{"line":16,"column":36},"end":{"line":33,"column":null}}},"2":{"name":"(anonymous_11)","decl":{"start":{"line":35,"column":10},"end":{"line":35,"column":16}},"loc":{"start":{"line":35,"column":16},"end":{"line":49,"column":null}}},"3":{"name":"(anonymous_13)","decl":{"start":{"line":45,"column":29},"end":{"line":45,"column":33}},"loc":{"start":{"line":45,"column":37},"end":{"line":45,"column":64}}},"4":{"name":"(anonymous_14)","decl":{"start":{"line":51,"column":10},"end":{"line":51,"column":17}},"loc":{"start":{"line":51,"column":28},"end":{"line":67,"column":null}}},"5":{"name":"(anonymous_16)","decl":{"start":{"line":69,"column":10},"end":{"line":69,"column":16}},"loc":{"start":{"line":69,"column":56},"end":{"line":87,"column":null}}},"6":{"name":"(anonymous_18)","decl":{"start":{"line":89,"column":10},"end":{"line":89,"column":16}},"loc":{"start":{"line":89,"column":27},"end":{"line":99,"column":null}}},"7":{"name":"(anonymous_20)","decl":{"start":{"line":101,"column":10},"end":{"line":101,"column":23}},"loc":{"start":{"line":101,"column":56},"end":{"line":112,"column":null}}},"8":{"name":"(anonymous_22)","decl":{"start":{"line":114,"column":10},"end":{"line":114,"column":24}},"loc":{"start":{"line":114,"column":104},"end":{"line":129,"column":null}}}},"branchMap":{"0":{"loc":{"start":{"line":18,"column":12},"end":{"line":20,"column":null}},"type":"if","locations":[{"start":{"line":18,"column":12},"end":{"line":20,"column":null}}]},"1":{"loc":{"start":{"line":23,"column":12},"end":{"line":25,"column":null}},"type":"if","locations":[{"start":{"line":23,"column":12},"end":{"line":25,"column":null}}]},"2":{"loc":{"start":{"line":41,"column":12},"end":{"line":43,"column":null}},"type":"if","locations":[{"start":{"line":41,"column":12},"end":{"line":43,"column":null}}]},"3":{"loc":{"start":{"line":41,"column":16},"end":{"line":41,"column":44}},"type":"binary-expr","locations":[{"start":{"line":41,"column":16},"end":{"line":41,"column":22}},{"start":{"line":41,"column":26},"end":{"line":41,"column":44}}]},"4":{"loc":{"start":{"line":59,"column":12},"end":{"line":61,"column":null}},"type":"if","locations":[{"start":{"line":59,"column":12},"end":{"line":61,"column":null}}]},"5":{"loc":{"start":{"line":73,"column":12},"end":{"line":75,"column":null}},"type":"if","locations":[{"start":{"line":73,"column":12},"end":{"line":75,"column":null}}]},"6":{"loc":{"start":{"line":80,"column":12},"end":{"line":82,"column":null}},"type":"if","locations":[{"start":{"line":80,"column":12},"end":{"line":82,"column":null}}]},"7":{"loc":{"start":{"line":92,"column":12},"end":{"line":94,"column":null}},"type":"if","locations":[{"start":{"line":92,"column":12},"end":{"line":94,"column":null}}]},"8":{"loc":{"start":{"line":104,"column":12},"end":{"line":106,"column":null}},"type":"if","locations":[{"start":{"line":104,"column":12},"end":{"line":106,"column":null}}]},"9":{"loc":{"start":{"line":116,"column":12},"end":{"line":118,"column":null}},"type":"if","locations":[{"start":{"line":116,"column":12},"end":{"line":118,"column":null}}]},"10":{"loc":{"start":{"line":116,"column":16},"end":{"line":116,"column":79}},"type":"binary-expr","locations":[{"start":{"line":116,"column":16},"end":{"line":116,"column":51}},{"start":{"line":116,"column":55},"end":{"line":116,"column":79}}]},"11":{"loc":{"start":{"line":120,"column":12},"end":{"line":125,"column":null}},"type":"if","locations":[{"start":{"line":120,"column":12},"end":{"line":125,"column":null}},{"start":{"line":123,"column":19},"end":{"line":125,"column":null}}]}},"s":{"0":2,"1":2,"2":2,"3":2,"4":2,"5":2,"6":3,"7":3,"8":3,"9":3,"10":1,"11":2,"12":2,"13":1,"14":1,"15":1,"16":1,"17":2,"18":2,"19":2,"20":2,"21":1,"22":1,"23":2,"24":1,"25":5,"26":5,"27":5,"28":2,"29":3,"30":2,"31":2,"32":2,"33":1,"34":1,"35":1,"36":1,"37":1,"38":0,"39":1,"40":1,"41":2,"42":2,"43":2,"44":1,"45":1,"46":1,"47":5,"48":5,"49":5,"50":4,"51":1,"52":0,"53":0,"54":3,"55":3,"56":1,"57":2,"58":1,"59":1,"60":1,"61":2,"62":2},"f":{"0":3,"1":3,"2":2,"3":2,"4":5,"5":2,"6":2,"7":5,"8":3},"b":{"0":[1],"1":[1],"2":[1],"3":[2,2],"4":[2],"5":[1],"6":[0],"7":[1],"8":[4],"9":[1],"10":[3,1],"11":[1,1]}}
,"/home/arthur/BIZNES-PDS/api/src/domains/vendor/adapters/SequelizeVendorRepository.ts": {"path":"/home/arthur/BIZNES-PDS/api/src/domains/vendor/adapters/SequelizeVendorRepository.ts","statementMap":{"0":{"start":{"line":1,"column":0},"end":{"line":1,"column":83}},"1":{"start":{"line":3,"column":0},"end":{"line":3,"column":117}},"2":{"start":{"line":6,"column":0},"end":{"line":6,"column":60}},"3":{"start":{"line":7,"column":0},"end":{"line":7,"column":73}},"4":{"start":{"line":9,"column":0},"end":{"line":9,"column":60}},"5":{"start":{"line":11,"column":0},"end":{"line":11,"column":47}},"6":{"start":{"line":12,"column":0},"end":{"line":12,"column":59}},"7":{"start":{"line":13,"column":0},"end":{"line":13,"column":68}},"8":{"start":{"line":18,"column":8},"end":{"line":58,"column":null}},"9":{"start":{"line":19,"column":12},"end":{"line":19,"column":41}},"10":{"start":{"line":20,"column":31},"end":{"line":27,"column":14}},"11":{"start":{"line":29,"column":63},"end":{"line":34,"column":14}},"12":{"start":{"line":36,"column":69},"end":{"line":45,"column":14}},"13":{"start":{"line":47,"column":25},"end":{"line":47,"column":58}},"14":{"start":{"line":49,"column":12},"end":{"line":49,"column":43}},"15":{"start":{"line":50,"column":27},"end":{"line":50,"column":57}},"16":{"start":{"line":52,"column":12},"end":{"line":52,"column":44}},"17":{"start":{"line":53,"column":28},"end":{"line":53,"column":67}},"18":{"start":{"line":55,"column":12},"end":{"line":55,"column":26}},"19":{"start":{"line":57,"column":12},"end":{"line":57,"column":25}},"20":{"start":{"line":62,"column":8},"end":{"line":77,"column":null}},"21":{"start":{"line":63,"column":28},"end":{"line":73,"column":14}},"22":{"start":{"line":74,"column":12},"end":{"line":74,"column":27}},"23":{"start":{"line":76,"column":12},"end":{"line":76,"column":25}},"24":{"start":{"line":81,"column":8},"end":{"line":96,"column":null}},"25":{"start":{"line":82,"column":25},"end":{"line":82,"column":48}},"26":{"start":{"line":83,"column":27},"end":{"line":88,"column":14}},"27":{"start":{"line":90,"column":12},"end":{"line":92,"column":null}},"28":{"start":{"line":91,"column":16},"end":{"line":91,"column":68}},"29":{"start":{"line":93,"column":12},"end":{"line":93,"column":26}},"30":{"start":{"line":95,"column":12},"end":{"line":95,"column":25}},"31":{"start":{"line":100,"column":8},"end":{"line":109,"column":null}},"32":{"start":{"line":101,"column":27},"end":{"line":101,"column":66}},"33":{"start":{"line":102,"column":25},"end":{"line":102,"column":58}},"34":{"start":{"line":103,"column":28},"end":{"line":103,"column":67}},"35":{"start":{"line":104,"column":38},"end":{"line":104,"column":63}},"36":{"start":{"line":105,"column":12},"end":{"line":105,"column":37}},"37":{"start":{"line":108,"column":12},"end":{"line":108,"column":25}},"38":{"start":{"line":113,"column":8},"end":{"line":156,"column":null}},"39":{"start":{"line":114,"column":12},"end":{"line":114,"column":39}},"40":{"start":{"line":115,"column":27},"end":{"line":115,"column":49}},"41":{"start":{"line":116,"column":25},"end":{"line":116,"column":65}},"42":{"start":{"line":118,"column":12},"end":{"line":120,"column":null}},"43":{"start":{"line":119,"column":16},"end":{"line":119,"column":71}},"44":{"start":{"line":122,"column":30},"end":{"line":128,"column":14}},"45":{"start":{"line":130,"column":28},"end":{"line":135,"column":14}},"46":{"start":{"line":137,"column":31},"end":{"line":146,"column":14}},"47":{"start":{"line":148,"column":12},"end":{"line":148,"column":59}},"48":{"start":{"line":149,"column":12},"end":{"line":149,"column":70}},"49":{"start":{"line":150,"column":12},"end":{"line":150,"column":65}},"50":{"start":{"line":152,"column":12},"end":{"line":152,"column":26}},"51":{"start":{"line":155,"column":12},"end":{"line":155,"column":25}},"52":{"start":{"line":160,"column":8},"end":{"line":165,"column":null}},"53":{"start":{"line":161,"column":27},"end":{"line":161,"column":49}},"54":{"start":{"line":162,"column":12},"end":{"line":162,"column":52}},"55":{"start":{"line":164,"column":12},"end":{"line":164,"column":25}},"56":{"start":{"line":16,"column":0},"end":{"line":16,"column":13}}},"fnMap":{"0":{"name":"(anonymous_7)","decl":{"start":{"line":17,"column":10},"end":{"line":17,"column":16}},"loc":{"start":{"line":17,"column":47},"end":{"line":59,"column":null}}},"1":{"name":"(anonymous_9)","decl":{"start":{"line":61,"column":10},"end":{"line":61,"column":16}},"loc":{"start":{"line":61,"column":16},"end":{"line":78,"column":null}}},"2":{"name":"(anonymous_11)","decl":{"start":{"line":80,"column":10},"end":{"line":80,"column":17}},"loc":{"start":{"line":80,"column":28},"end":{"line":97,"column":null}}},"3":{"name":"(anonymous_13)","decl":{"start":{"line":99,"column":10},"end":{"line":99,"column":19}},"loc":{"start":{"line":99,"column":34},"end":{"line":110,"column":null}}},"4":{"name":"(anonymous_15)","decl":{"start":{"line":112,"column":10},"end":{"line":112,"column":16}},"loc":{"start":{"line":112,"column":59},"end":{"line":157,"column":null}}},"5":{"name":"(anonymous_17)","decl":{"start":{"line":159,"column":10},"end":{"line":159,"column":16}},"loc":{"start":{"line":159,"column":27},"end":{"line":166,"column":null}}}},"branchMap":{"0":{"loc":{"start":{"line":90,"column":12},"end":{"line":92,"column":null}},"type":"if","locations":[{"start":{"line":90,"column":12},"end":{"line":92,"column":null}}]},"1":{"loc":{"start":{"line":118,"column":12},"end":{"line":120,"column":null}},"type":"if","locations":[{"start":{"line":118,"column":12},"end":{"line":120,"column":null}}]}},"s":{"0":0,"1":0,"2":0,"3":0,"4":0,"5":0,"6":0,"7":0,"8":0,"9":0,"10":0,"11":0,"12":0,"13":0,"14":0,"15":0,"16":0,"17":0,"18":0,"19":0,"20":0,"21":0,"22":0,"23":0,"24":0,"25":0,"26":0,"27":0,"28":0,"29":0,"30":0,"31":0,"32":0,"33":0,"34":0,"35":0,"36":0,"37":0,"38":0,"39":0,"40":0,"41":0,"42":0,"43":0,"44":0,"45":0,"46":0,"47":0,"48":0,"49":0,"50":0,"51":0,"52":0,"53":0,"54":0,"55":0,"56":0},"f":{"0":0,"1":0,"2":0,"3":0,"4":0,"5":0},"b":{"0":[0],"1":[0]}}
}
