TN:
SF:src/domains/address/adapters/SequelizeAddressRepository.ts
FN:7,(anonymous_7)
FN:27,(anonymous_9)
FN:40,(anonymous_11)
FNF:3
FNH:3
FNDA:2,(anonymous_7)
FNDA:1,(anonymous_9)
FNDA:3,(anonymous_11)
DA:1,6
DA:6,6
DA:8,2
DA:9,2
DA:20,2
DA:21,2
DA:23,0
DA:28,1
DA:29,1
DA:34,1
DA:36,0
DA:41,3
DA:42,3
DA:48,3
DA:54,3
DA:55,1
DA:58,2
DA:61,1
LF:18
LH:16
BRDA:54,0,0,1
BRF:1
BRH:1
end_of_record
TN:
SF:src/domains/customer/adapters/SequelizeCustomerRepository.ts
FN:16,(anonymous_7)
FN:49,(anonymous_9)
FN:68,(anonymous_11)
FN:81,(anonymous_13)
FN:99,(anonymous_15)
FN:142,(anonymous_17)
FNF:6
FNH:6
FNDA:1,(anonymous_7)
FNDA:1,(anonymous_9)
FNDA:1,(anonymous_11)
FNDA:4,(anonymous_13)
FNDA:1,(anonymous_15)
FNDA:2,(anonymous_17)
DA:1,1
DA:2,1
DA:3,1
DA:5,1
DA:6,1
DA:7,1
DA:9,1
DA:11,1
DA:13,1
DA:15,1
DA:17,1
DA:18,1
DA:24,1
DA:25,1
DA:31,1
DA:41,1
DA:42,1
DA:43,1
DA:45,0
DA:50,1
DA:51,1
DA:62,1
DA:64,0
DA:69,1
DA:70,1
DA:71,1
DA:72,1
DA:73,1
DA:74,1
DA:77,0
DA:82,4
DA:83,4
DA:90,4
DA:91,1
DA:93,3
DA:95,1
DA:100,1
DA:101,1
DA:103,1
DA:105,1
DA:106,0
DA:109,1
DA:115,1
DA:122,1
DA:133,1
DA:134,1
DA:135,1
DA:138,0
DA:143,2
DA:144,2
DA:146,2
DA:147,0
DA:151,2
DA:152,1
DA:154,1
DA:155,1
DA:157,1
LF:57
LH:51
BRDA:90,0,0,1
BRDA:105,1,0,0
BRDA:146,2,0,0
BRDA:151,3,0,1
BRDA:151,4,0,2
BRDA:151,4,1,1
BRF:6
BRH:4
end_of_record
TN:
SF:src/domains/product/adapters/SequelizeProductRepository.ts
FN:13,(anonymous_7)
FN:36,(anonymous_9)
FN:48,(anonymous_11)
FN:68,(anonymous_13)
FN:81,(anonymous_15)
FN:97,(anonymous_17)
FNF:6
FNH:6
FNDA:1,(anonymous_7)
FNDA:1,(anonymous_9)
FNDA:1,(anonymous_11)
FNDA:3,(anonymous_13)
FNDA:1,(anonymous_15)
FNDA:1,(anonymous_17)
DA:1,3
DA:5,3
DA:6,3
DA:7,3
DA:10,3
DA:12,3
DA:14,1
DA:15,1
DA:16,1
DA:17,0
DA:19,1
DA:30,1
DA:31,1
DA:33,0
DA:37,1
DA:38,1
DA:39,1
DA:43,1
DA:45,0
DA:49,1
DA:50,1
DA:63,1
DA:65,0
DA:69,3
DA:70,3
DA:73,3
DA:74,0
DA:76,3
DA:78,0
DA:82,1
DA:83,1
DA:84,1
DA:85,1
DA:86,1
DA:89,0
DA:90,0
DA:92,1
DA:94,0
DA:98,1
DA:99,1
DA:100,1
DA:102,1
DA:104,0
LF:43
LH:33
BRDA:16,0,0,0
BRDA:73,1,0,0
BRDA:84,2,0,1
BRDA:84,2,1,0
BRF:4
BRH:1
end_of_record
TN:
SF:src/domains/transaction/adapters/SequelizeTransactionRepository.ts
FN:15,(anonymous_7)
FN:45,(anonymous_9)
FN:58,(anonymous_11)
FN:71,(anonymous_13)
FN:75,(anonymous_15)
FN:89,(anonymous_17)
FNF:6
FNH:6
FNDA:1,(anonymous_7)
FNDA:1,(anonymous_9)
FNDA:1,(anonymous_11)
FNDA:1,(anonymous_13)
FNDA:1,(anonymous_15)
FNDA:1,(anonymous_17)
DA:1,1
DA:3,1
DA:5,1
DA:7,1
DA:8,1
DA:10,1
DA:11,1
DA:13,1
DA:16,1
DA:17,1
DA:18,1
DA:19,1
DA:20,1
DA:21,0
DA:24,1
DA:25,1
DA:26,0
DA:29,1
DA:30,1
DA:31,1
DA:32,1
DA:33,1
DA:34,1
DA:35,1
DA:37,1
DA:38,1
DA:39,1
DA:41,0
DA:46,1
DA:59,1
DA:72,1
DA:76,1
DA:90,1
LF:33
LH:30
BRDA:20,0,0,0
BRDA:25,1,0,0
BRF:2
BRH:0
end_of_record
TN:
SF:src/domains/transactionProduct/adapters/SequelizeTransactionProductRepository.ts
FN:8,(anonymous_7)
FNF:1
FNH:1
FNDA:1,(anonymous_7)
DA:1,2
DA:3,2
DA:4,2
DA:7,2
DA:9,1
DA:10,1
DA:11,1
DA:12,0
DA:14,1
DA:15,1
DA:16,1
DA:19,0
LF:12
LH:10
BRDA:11,0,0,0
BRF:1
BRH:0
end_of_record
TN:
SF:src/domains/users/adapters/SequelizeUserRepository.ts
FN:11,(anonymous_7)
FN:16,(anonymous_9)
FN:35,(anonymous_11)
FN:45,(anonymous_13)
FN:51,(anonymous_14)
FN:69,(anonymous_16)
FN:89,(anonymous_18)
FN:101,(anonymous_20)
FN:113,(anonymous_22)
FNF:9
FNH:9
FNDA:3,(anonymous_7)
FNDA:3,(anonymous_9)
FNDA:2,(anonymous_11)
FNDA:2,(anonymous_13)
FNDA:5,(anonymous_14)
FNDA:2,(anonymous_16)
FNDA:2,(anonymous_18)
FNDA:5,(anonymous_20)
FNDA:3,(anonymous_22)
DA:1,6
DA:3,6
DA:4,6
DA:5,6
DA:6,6
DA:7,6
DA:10,6
DA:12,3
DA:13,3
DA:17,3
DA:18,3
DA:19,1
DA:22,2
DA:23,2
DA:24,1
DA:27,1
DA:28,1
DA:29,1
DA:31,2
DA:36,2
DA:37,2
DA:41,2
DA:42,1
DA:45,2
DA:47,1
DA:52,5
DA:53,5
DA:59,5
DA:60,2
DA:63,3
DA:65,2
DA:70,2
DA:71,2
DA:73,1
DA:74,1
DA:77,1
DA:79,1
DA:80,1
DA:81,0
DA:83,1
DA:85,1
DA:90,2
DA:91,2
DA:92,2
DA:93,1
DA:95,1
DA:97,1
DA:102,5
DA:103,5
DA:104,5
DA:105,4
DA:107,1
DA:109,0
DA:114,3
DA:115,3
DA:116,1
DA:119,2
DA:120,1
DA:121,1
DA:123,1
DA:126,2
LF:61
LH:59
BRDA:18,0,0,1
BRDA:23,1,0,1
BRDA:41,2,0,1
BRDA:41,3,0,2
BRDA:41,3,1,2
BRDA:59,4,0,2
BRDA:73,5,0,1
BRDA:80,6,0,0
BRDA:92,7,0,1
BRDA:104,8,0,4
BRDA:115,9,0,1
BRDA:115,10,0,3
BRDA:115,10,1,1
BRDA:119,11,0,1
BRDA:119,11,1,1
BRF:15
BRH:14
end_of_record
TN:
SF:src/domains/vendor/adapters/SequelizeVendorRepository.ts
FN:17,(anonymous_7)
FN:60,(anonymous_9)
FN:79,(anonymous_11)
FN:98,(anonymous_13)
FN:111,(anonymous_15)
FN:158,(anonymous_17)
FNF:6
FNH:6
FNDA:1,(anonymous_7)
FNDA:1,(anonymous_9)
FNDA:7,(anonymous_11)
FNDA:1,(anonymous_13)
FNDA:1,(anonymous_15)
FNDA:2,(anonymous_17)
DA:1,4
DA:3,4
DA:6,4
DA:7,4
DA:9,4
DA:11,4
DA:12,4
DA:13,4
DA:16,4
DA:18,1
DA:19,1
DA:28,1
DA:35,1
DA:46,1
DA:48,1
DA:49,1
DA:51,1
DA:52,1
DA:54,1
DA:56,0
DA:61,1
DA:62,1
DA:73,1
DA:75,0
DA:80,7
DA:81,7
DA:82,7
DA:89,7
DA:90,2
DA:92,5
DA:94,2
DA:99,1
DA:100,1
DA:101,1
DA:102,1
DA:103,1
DA:104,1
DA:107,0
DA:112,1
DA:113,1
DA:114,1
DA:115,1
DA:117,1
DA:118,0
DA:121,1
DA:129,1
DA:136,1
DA:147,1
DA:148,1
DA:149,1
DA:151,1
DA:154,0
DA:159,2
DA:160,2
DA:161,1
DA:163,1
LF:56
LH:51
BRDA:89,0,0,2
BRDA:117,1,0,0
BRF:2
BRH:1
end_of_record
